2025-09-11 09:09:25 INFO  Utils:112 - [TestNG] Running:
  C:\Users\Asus\eclipse-workspace\openCartDemo\master.xml

2025-09-11 09:54:21 INFO  Utils:112 - [TestNG] Running:
  C:\Users\Asus\eclipse-workspace\openCartDemo\master.xml

2025-09-11 09:55:03 INFO  Utils:112 - [TestNG] Running:
  C:\Users\Asus\eclipse-workspace\openCartDemo\master.xml

2025-09-11 09:56:55 INFO  Utils:112 - [TestNG] Running:
  C:\Users\Asus\eclipse-workspace\openCartDemo\crossbrowsertesting.xml

2025-09-11 09:57:07 INFO  TC001_AccountRegistrationTest:15 - ***** Starting TC001_AccountRegistrationTest  ****
2025-09-11 09:57:07 INFO  TC001_AccountRegistrationTest:15 - ***** Starting TC001_AccountRegistrationTest  ****
2025-09-11 09:57:18 ERROR TC001_AccountRegistrationTest:47 - Test failed: element not interactable
  (Session info: chrome=139.0.7258.155)
Build info: version: '4.35.0', revision: '1c58e5028b'
System info: os.name: 'Windows 11', os.arch: 'amd64', os.version: '10.0', java.version: '24.0.2'
Driver info: org.openqa.selenium.chrome.ChromeDriver
Command: [798995682898a4a65fa523ea88e11231, clickElement {id=f.400A1D8FA2D38AAA6F5A143AD61C6E7B.d.4CB8B93275A4B3EAD06529DD9E97FF97.e.89}]
Capabilities {acceptInsecureCerts: false, browserName: chrome, browserVersion: 139.0.7258.155, chrome: {chromedriverVersion: 139.0.7258.154 (9e0d6b2b47f..., userDataDir: C:\Users\Asus\AppData\Local...}, fedcm:accounts: true, goog:chromeOptions: {debuggerAddress: localhost:39510}, networkConnectionEnabled: false, pageLoadStrategy: normal, platformName: windows, proxy: Proxy(), se:cdp: ws://localhost:39510/devtoo..., se:cdpVersion: 139.0.7258.155, setWindowRect: true, strictFileInteractability: false, timeouts: {implicit: 0, pageLoad: 300000, script: 30000}, unhandledPromptBehavior: dismiss and notify, webauthn:extension:credBlob: true, webauthn:extension:largeBlob: true, webauthn:extension:minPinLength: true, webauthn:extension:prf: true, webauthn:virtualAuthenticators: true}
Element: [[ChromeDriver: chrome on windows (798995682898a4a65fa523ea88e11231)] -> xpath: //a[normalize-space()='Register']]
Session ID: 798995682898a4a65fa523ea88e11231
2025-09-11 09:57:18 INFO  TC001_AccountRegistrationTest:52 - ***** Finished TC001_AccountRegistrationTest *****
2025-09-11 09:57:28 ERROR TC001_AccountRegistrationTest:47 - Test failed: element not interactable
  (Session info: chrome=139.0.7258.155)
Build info: version: '4.35.0', revision: '1c58e5028b'
System info: os.name: 'Windows 11', os.arch: 'amd64', os.version: '10.0', java.version: '24.0.2'
Driver info: org.openqa.selenium.chrome.ChromeDriver
Command: [798995682898a4a65fa523ea88e11231, clickElement {id=f.400A1D8FA2D38AAA6F5A143AD61C6E7B.d.4CB8B93275A4B3EAD06529DD9E97FF97.e.89}]
Capabilities {acceptInsecureCerts: false, browserName: chrome, browserVersion: 139.0.7258.155, chrome: {chromedriverVersion: 139.0.7258.154 (9e0d6b2b47f..., userDataDir: C:\Users\Asus\AppData\Local...}, fedcm:accounts: true, goog:chromeOptions: {debuggerAddress: localhost:39510}, networkConnectionEnabled: false, pageLoadStrategy: normal, platformName: windows, proxy: Proxy(), se:cdp: ws://localhost:39510/devtoo..., se:cdpVersion: 139.0.7258.155, setWindowRect: true, strictFileInteractability: false, timeouts: {implicit: 0, pageLoad: 300000, script: 30000}, unhandledPromptBehavior: dismiss and notify, webauthn:extension:credBlob: true, webauthn:extension:largeBlob: true, webauthn:extension:minPinLength: true, webauthn:extension:prf: true, webauthn:virtualAuthenticators: true}
Element: [[ChromeDriver: chrome on windows (798995682898a4a65fa523ea88e11231)] -> xpath: //a[normalize-space()='Register']]
Session ID: 798995682898a4a65fa523ea88e11231
2025-09-11 09:57:28 INFO  TC001_AccountRegistrationTest:52 - ***** Finished TC001_AccountRegistrationTest *****
2025-09-11 09:59:37 INFO  Utils:112 - [Utils] MethodGroupsHelper.collectMethodsByGroup() took 0 ms.
2025-09-11 09:59:37 INFO  Utils:112 - [Utils] MethodGroupsHelper.sortMethods() took 4 ms.
2025-09-11 09:59:37 INFO  Utils:112 - [Utils] MethodGroupsHelper.collectMethodsByGroup() took 0 ms.
2025-09-11 09:59:37 INFO  Utils:112 - [Utils] MethodGroupsHelper.sortMethods() took 0 ms.
2025-09-11 09:59:37 INFO  Utils:112 - [Utils] MethodGroupsHelper.collectMethodsByGroup() took 0 ms.
2025-09-11 09:59:37 INFO  Utils:112 - [Utils] MethodGroupsHelper.sortMethods() took 0 ms.
2025-09-11 09:59:37 INFO  Utils:112 - [Utils] MethodGroupsHelper.collectMethodsByGroup() took 0 ms.
2025-09-11 09:59:37 INFO  Utils:112 - [Utils] MethodGroupsHelper.sortMethods() took 0 ms.
2025-09-11 09:59:37 INFO  Utils:112 - [Utils] MethodGroupsHelper.collectMethodsByGroup() took 8 ms.
2025-09-11 09:59:37 INFO  Utils:112 - [Utils] MethodGroupsHelper.sortMethods() took 38 ms.
2025-09-11 09:59:37 INFO  Utils:112 - [Utils] MethodGroupsHelper.collectMethodsByGroup() took 1 ms.
2025-09-11 09:59:37 INFO  Utils:112 - [Utils] MethodGroupsHelper.sortMethods() took 0 ms.
2025-09-11 09:59:37 INFO  Utils:112 - [Utils] MethodGroupsHelper.collectMethodsByGroup() took 0 ms.
2025-09-11 09:59:37 INFO  Utils:112 - [Utils] MethodGroupsHelper.sortMethods() took 0 ms.
2025-09-11 09:59:37 INFO  Utils:112 - [Utils] MethodGroupsHelper.collectMethodsByGroup() took 0 ms.
2025-09-11 09:59:37 INFO  Utils:112 - [Utils] MethodGroupsHelper.sortMethods() took 0 ms.
2025-09-11 09:59:37 INFO  Utils:112 - [Utils] MethodGroupsHelper.collectMethodsByGroup() took 0 ms.
2025-09-11 09:59:37 INFO  Utils:112 - [Utils] MethodGroupsHelper.sortMethods() took 0 ms.
2025-09-11 09:59:37 INFO  Utils:112 - [Utils] MethodGroupsHelper.collectMethodsByGroup() took 0 ms.
2025-09-11 09:59:37 INFO  Utils:112 - [Utils] MethodGroupsHelper.sortMethods() took 0 ms.
2025-09-11 09:59:37 INFO  Utils:112 - [Utils] MethodGroupsHelper.collectMethodsByGroup() took 0 ms.
2025-09-11 09:59:37 INFO  Utils:112 - [Utils] MethodGroupsHelper.sortMethods() took 0 ms.
2025-09-11 09:59:37 INFO  Utils:112 - [Utils] MethodGroupsHelper.collectMethodsByGroup() took 0 ms.
2025-09-11 09:59:37 INFO  Utils:112 - [Utils] MethodGroupsHelper.sortMethods() took 0 ms.
2025-09-11 09:59:37 INFO  Utils:112 - [Utils] MethodGroupsHelper.collectMethodsByGroup() took 0 ms.
2025-09-11 09:59:37 INFO  Utils:112 - [Utils] MethodGroupsHelper.sortMethods() took 1 ms.
2025-09-11 09:59:37 INFO  Utils:112 - [Utils] MethodGroupsHelper.collectMethodsByGroup() took 0 ms.
2025-09-11 09:59:37 INFO  Utils:112 - [Utils] MethodGroupsHelper.sortMethods() took 0 ms.
2025-09-11 09:59:37 INFO  Utils:112 - [Utils] MethodGroupsHelper.collectMethodsByGroup() took 0 ms.
2025-09-11 09:59:37 INFO  Utils:112 - [Utils] MethodGroupsHelper.sortMethods() took 0 ms.
2025-09-11 09:59:37 INFO  Utils:112 - [TestNG] Running:
  C:\Users\Asus\AppData\Local\Temp\testng-eclipse--1073285338\testng-customsuite.xml

2025-09-11 09:59:37 INFO  Utils:112 - [Utils] DynamicGraphHelper.createDynamicGraph() took 11 ms.
2025-09-11 09:59:37 INFO  Utils:112 - [TestNG] Time taken by org.testng.reporters.jq.Main@1bb1fde8: 125 ms
2025-09-11 09:59:37 INFO  Utils:112 - [TestNG] Time taken by org.testng.reporters.FailedReporter@73ff4fae: 77 ms
2025-09-11 09:59:37 INFO  Utils:112 - [TestNG] Time taken by org.testng.reporters.XMLReporter@36676c1a: 28 ms
2025-09-11 09:59:37 INFO  Utils:112 - [TestNG] Time taken by org.testng.reporters.EmailableReporter2@878452d: 21 ms
2025-09-11 09:59:37 INFO  Utils:112 - [TestNG] Time taken by org.testng.reporters.JUnitReportReporter@773cbf4f: 19 ms
2025-09-11 09:59:37 INFO  Utils:112 - [TestNG] Time taken by org.testng.internal.ExitCodeListener@6b54655f: 0 ms
2025-09-11 10:18:11 INFO  Utils:112 - [TestNG] Running:
  C:\Users\Asus\eclipse-workspace\openCartDemo\master.xml

2025-09-11 10:18:18 INFO  TC001_AccountRegistrationTest:15 - ***** Starting TC001_AccountRegistrationTest  ****
2025-09-11 10:18:20 INFO  TC001_AccountRegistrationTest:23 - Providing customer details...
2025-09-11 10:18:22 INFO  TC001_AccountRegistrationTest:37 - Validating expected message..
2025-09-11 10:18:22 INFO  TC001_AccountRegistrationTest:42 - Test passed
2025-09-11 10:18:22 INFO  TC001_AccountRegistrationTest:51 - ***** Finished TC001_AccountRegistrationTest *****
2025-09-11 10:18:31 INFO  TC002_LoginTest:16 - ****** Startign TC_002_LoginTest *****
2025-09-11 10:18:33 INFO  TC002_LoginTest:41 - ****** Finished TC_002_LoginTest *****
2025-09-11 10:23:41 INFO  Utils:112 - [TestNG] Running:
  C:\Users\Asus\eclipse-workspace\openCartDemo\master.xml

2025-09-11 10:24:18 INFO  Utils:112 - [TestNG] Running:
  C:\Users\Asus\eclipse-workspace\openCartDemo\master.xml

2025-09-11 10:24:24 INFO  TC003_LoginDDT:26 - ***** stating TC_003_LoginDDT ******
2025-09-11 10:24:36 INFO  TC003_LoginDDT:26 - ***** stating TC_003_LoginDDT ******
2025-09-11 10:24:42 INFO  TC003_LoginDDT:79 - ***** Finished TC_003_LoginDDT ******
2025-09-11 10:24:42 INFO  TC003_LoginDDT:26 - ***** stating TC_003_LoginDDT ******
2025-09-11 10:24:48 INFO  TC003_LoginDDT:79 - ***** Finished TC_003_LoginDDT ******
2025-09-11 10:24:48 INFO  TC003_LoginDDT:26 - ***** stating TC_003_LoginDDT ******
2025-09-11 10:25:02 INFO  TC003_LoginDDT:79 - ***** Finished TC_003_LoginDDT ******
2025-09-11 10:25:02 INFO  TC003_LoginDDT:26 - ***** stating TC_003_LoginDDT ******
2025-09-11 10:25:10 INFO  TC003_LoginDDT:79 - ***** Finished TC_003_LoginDDT ******
2025-09-11 10:25:10 INFO  TC003_LoginDDT:26 - ***** stating TC_003_LoginDDT ******
2025-09-11 10:25:25 INFO  TC003_LoginDDT:79 - ***** Finished TC_003_LoginDDT ******
2025-09-11 10:41:26 INFO  Utils:112 - [TestNG] Running:
  C:\Users\Asus\eclipse-workspace\openCartDemo\grouping.xml

2025-09-11 10:41:31 INFO  TC001_AccountRegistrationTest:15 - ***** Starting TC001_AccountRegistrationTest  ****
2025-09-11 10:41:33 INFO  TC001_AccountRegistrationTest:23 - Providing customer details...
2025-09-11 10:41:35 INFO  TC001_AccountRegistrationTest:37 - Validating expected message..
2025-09-11 10:41:35 INFO  TC001_AccountRegistrationTest:42 - Test passed
2025-09-11 10:41:35 INFO  TC001_AccountRegistrationTest:51 - ***** Finished TC001_AccountRegistrationTest *****
2025-09-11 10:41:45 INFO  TC002_LoginTest:16 - ****** Startign TC_002_LoginTest *****
2025-09-11 10:41:47 INFO  TC002_LoginTest:41 - ****** Finished TC_002_LoginTest *****
2025-09-11 19:13:31 INFO  Utils:112 - [Utils] MethodGroupsHelper.collectMethodsByGroup() took 0 ms.
2025-09-11 19:13:31 INFO  Utils:112 - [Utils] MethodGroupsHelper.sortMethods() took 3 ms.
2025-09-11 19:13:31 INFO  Utils:112 - [Utils] MethodGroupsHelper.collectMethodsByGroup() took 0 ms.
2025-09-11 19:13:31 INFO  Utils:112 - [Utils] MethodGroupsHelper.sortMethods() took 0 ms.
2025-09-11 19:13:31 INFO  Utils:112 - [Utils] MethodGroupsHelper.collectMethodsByGroup() took 0 ms.
2025-09-11 19:13:31 INFO  Utils:112 - [Utils] MethodGroupsHelper.sortMethods() took 0 ms.
2025-09-11 19:13:31 INFO  Utils:112 - [Utils] MethodGroupsHelper.collectMethodsByGroup() took 0 ms.
2025-09-11 19:13:31 INFO  Utils:112 - [Utils] MethodGroupsHelper.sortMethods() took 0 ms.
2025-09-11 19:13:32 INFO  Utils:112 - [Utils] MethodGroupsHelper.collectMethodsByGroup() took 6 ms.
2025-09-11 19:13:32 INFO  Utils:112 - [Utils] MethodGroupsHelper.sortMethods() took 48 ms.
2025-09-11 19:13:32 INFO  Utils:112 - [Utils] MethodGroupsHelper.collectMethodsByGroup() took 0 ms.
2025-09-11 19:13:32 INFO  Utils:112 - [Utils] MethodGroupsHelper.sortMethods() took 0 ms.
2025-09-11 19:13:32 INFO  Utils:112 - [Utils] MethodGroupsHelper.collectMethodsByGroup() took 0 ms.
2025-09-11 19:13:32 INFO  Utils:112 - [Utils] MethodGroupsHelper.sortMethods() took 0 ms.
2025-09-11 19:13:32 INFO  Utils:112 - [Utils] MethodGroupsHelper.collectMethodsByGroup() took 0 ms.
2025-09-11 19:13:32 INFO  Utils:112 - [Utils] MethodGroupsHelper.sortMethods() took 0 ms.
2025-09-11 19:13:32 INFO  Utils:112 - [Utils] MethodGroupsHelper.collectMethodsByGroup() took 0 ms.
2025-09-11 19:13:32 INFO  Utils:112 - [Utils] MethodGroupsHelper.sortMethods() took 0 ms.
2025-09-11 19:13:32 INFO  Utils:112 - [Utils] MethodGroupsHelper.collectMethodsByGroup() took 0 ms.
2025-09-11 19:13:32 INFO  Utils:112 - [Utils] MethodGroupsHelper.sortMethods() took 0 ms.
2025-09-11 19:13:32 INFO  Utils:112 - [Utils] MethodGroupsHelper.collectMethodsByGroup() took 0 ms.
2025-09-11 19:13:32 INFO  Utils:112 - [Utils] MethodGroupsHelper.sortMethods() took 0 ms.
2025-09-11 19:13:32 INFO  Utils:112 - [Utils] MethodGroupsHelper.collectMethodsByGroup() took 0 ms.
2025-09-11 19:13:32 INFO  Utils:112 - [Utils] MethodGroupsHelper.sortMethods() took 0 ms.
2025-09-11 19:13:32 INFO  Utils:112 - [Utils] MethodGroupsHelper.collectMethodsByGroup() took 0 ms.
2025-09-11 19:13:32 INFO  Utils:112 - [Utils] MethodGroupsHelper.sortMethods() took 0 ms.
2025-09-11 19:13:32 INFO  Utils:112 - [Utils] MethodGroupsHelper.collectMethodsByGroup() took 0 ms.
2025-09-11 19:13:32 INFO  Utils:112 - [Utils] MethodGroupsHelper.sortMethods() took 0 ms.
2025-09-11 19:13:32 INFO  Utils:112 - [Utils] MethodGroupsHelper.collectMethodsByGroup() took 0 ms.
2025-09-11 19:13:32 INFO  Utils:112 - [Utils] MethodGroupsHelper.sortMethods() took 0 ms.
2025-09-11 19:13:32 INFO  Utils:112 - [TestNG] Running:
  C:\Users\Asus\AppData\Local\Temp\testng-eclipse--785089570\testng-customsuite.xml

2025-09-11 19:13:32 INFO  Utils:112 - [Utils] DynamicGraphHelper.createDynamicGraph() took 15 ms.
2025-09-11 19:13:32 INFO  Utils:112 - [TestNG] Time taken by org.testng.reporters.jq.Main@485a3466: 125 ms
2025-09-11 19:13:32 INFO  Utils:112 - [TestNG] Time taken by org.testng.reporters.FailedReporter@269f4bad: 39 ms
2025-09-11 19:13:32 INFO  Utils:112 - [TestNG] Time taken by org.testng.reporters.XMLReporter@1433046b: 28 ms
2025-09-11 19:13:32 INFO  Utils:112 - [TestNG] Time taken by org.testng.reporters.EmailableReporter2@2dbf4cbd: 24 ms
2025-09-11 19:13:32 INFO  Utils:112 - [TestNG] Time taken by org.testng.reporters.JUnitReportReporter@7b64240d: 16 ms
2025-09-11 19:13:32 INFO  Utils:112 - [TestNG] Time taken by org.testng.internal.ExitCodeListener@62fad19: 0 ms
2025-09-11 19:16:27 INFO  Utils:112 - [TestNG] Running:
  C:\Users\Asus\eclipse-workspace\openCartDemo\master.xml

2025-09-11 19:21:23 INFO  Utils:112 - [TestNG] Running:
  C:\Users\Asus\eclipse-workspace\openCartDemo\master.xml

2025-09-11 19:24:28 INFO  Utils:112 - [TestNG] Running:
  C:\Users\Asus\eclipse-workspace\openCartDemo\master.xml

2025-09-11 19:26:32 INFO  Utils:112 - [TestNG] Running:
  C:\Users\Asus\eclipse-workspace\openCartDemo\master.xml

2025-09-11 19:31:12 INFO  Utils:112 - [TestNG] Running:
  C:\Users\Asus\eclipse-workspace\openCartDemo\master.xml

2025-09-11 19:34:01 INFO  Utils:112 - [TestNG] Running:
  C:\Users\Asus\eclipse-workspace\openCartDemo\master.xml

2025-09-11 19:48:23 INFO  Utils:112 - [TestNG] Running:
  C:\Users\Asus\eclipse-workspace\openCartDemo\master.xml

2025-09-11 19:52:18 INFO  Utils:112 - [TestNG] Running:
  C:\Users\Asus\eclipse-workspace\openCartDemo\master.xml

2025-09-11 19:55:18 INFO  Utils:112 - [TestNG] Running:
  C:\Users\Asus\eclipse-workspace\openCartDemo\master.xml

2025-09-11 19:59:04 INFO  Utils:112 - [TestNG] Running:
  C:\Users\Asus\eclipse-workspace\openCartDemo\master.xml

2025-09-11 20:00:38 INFO  Utils:112 - [TestNG] Running:
  C:\Users\Asus\eclipse-workspace\openCartDemo\master.xml

2025-09-11 20:02:35 INFO  Utils:112 - [TestNG] Running:
  C:\Users\Asus\eclipse-workspace\openCartDemo\master.xml

2025-09-11 20:03:01 INFO  TC003_OrderProductTest:41 - Product added
2025-09-11 20:03:05 INFO  TC003_OrderProductTest:48 - Go to Cart
2025-09-11 20:03:07 INFO  TC003_OrderProductTest:53 - Title Shopping Cart displayed
2025-09-11 20:03:08 INFO  TC003_OrderProductTest:65 - Successfully landed on Checkout page
2025-09-11 20:05:56 INFO  Utils:112 - [TestNG] Running:
  C:\Users\Asus\eclipse-workspace\openCartDemo\master.xml

2025-09-11 20:09:29 INFO  Utils:112 - [TestNG] Running:
  C:\Users\Asus\eclipse-workspace\openCartDemo\master.xml

2025-09-11 20:11:54 INFO  Utils:112 - [TestNG] Running:
  C:\Users\Asus\eclipse-workspace\openCartDemo\master.xml

2025-09-11 20:19:33 INFO  Utils:112 - [TestNG] Running:
  C:\Users\Asus\eclipse-workspace\openCartDemo\master.xml

2025-09-11 20:24:19 INFO  Utils:112 - [TestNG] Running:
  C:\Users\Asus\eclipse-workspace\openCartDemo\master.xml

2025-09-11 20:25:05 INFO  TC003_OrderProductTest:42 - Product added
2025-09-11 20:25:06 INFO  TC003_OrderProductTest:47 - Go to Cart
2025-09-11 20:25:06 INFO  TC003_OrderProductTest:51 - Title Shopping Cart displayed
2025-09-11 20:25:07 INFO  TC003_OrderProductTest:63 - Successfully landed on Checkout page
2025-09-11 20:37:01 INFO  Utils:112 - [TestNG] Running:
  C:\Users\Asus\eclipse-workspace\openCartDemo\master.xml

2025-09-11 20:37:37 INFO  TC003_OrderProductTest:42 - Product added
2025-09-11 20:37:38 INFO  TC003_OrderProductTest:47 - Go to Cart
2025-09-11 20:37:38 INFO  TC003_OrderProductTest:51 - Title Shopping Cart displayed
2025-09-11 20:37:39 INFO  TC003_OrderProductTest:63 - Successfully landed on Checkout page
2025-09-11 20:37:55 INFO  TC003_OrderProductTest:99 - Order a Product  test passed
2025-09-11 21:06:15 INFO  Utils:112 - [Utils] MethodGroupsHelper.collectMethodsByGroup() took 1 ms.
2025-09-11 21:06:15 INFO  Utils:112 - [Utils] MethodGroupsHelper.sortMethods() took 2 ms.
2025-09-11 21:06:15 INFO  Utils:112 - [Utils] MethodGroupsHelper.collectMethodsByGroup() took 0 ms.
2025-09-11 21:06:15 INFO  Utils:112 - [Utils] MethodGroupsHelper.sortMethods() took 0 ms.
2025-09-11 21:06:15 INFO  Utils:112 - [Utils] MethodGroupsHelper.collectMethodsByGroup() took 0 ms.
2025-09-11 21:06:15 INFO  Utils:112 - [Utils] MethodGroupsHelper.sortMethods() took 0 ms.
2025-09-11 21:06:15 INFO  Utils:112 - [Utils] MethodGroupsHelper.collectMethodsByGroup() took 0 ms.
2025-09-11 21:06:15 INFO  Utils:112 - [Utils] MethodGroupsHelper.sortMethods() took 0 ms.
2025-09-11 21:06:15 INFO  Utils:112 - [Utils] MethodGroupsHelper.collectMethodsByGroup() took 8 ms.
2025-09-11 21:06:15 INFO  Utils:112 - [Utils] MethodGroupsHelper.sortMethods() took 38 ms.
2025-09-11 21:06:15 INFO  Utils:112 - [Utils] MethodGroupsHelper.collectMethodsByGroup() took 0 ms.
2025-09-11 21:06:16 INFO  Utils:112 - [Utils] MethodGroupsHelper.sortMethods() took 0 ms.
2025-09-11 21:06:16 INFO  Utils:112 - [Utils] MethodGroupsHelper.collectMethodsByGroup() took 0 ms.
2025-09-11 21:06:16 INFO  Utils:112 - [Utils] MethodGroupsHelper.sortMethods() took 0 ms.
2025-09-11 21:06:16 INFO  Utils:112 - [Utils] MethodGroupsHelper.collectMethodsByGroup() took 0 ms.
2025-09-11 21:06:16 INFO  Utils:112 - [Utils] MethodGroupsHelper.sortMethods() took 0 ms.
2025-09-11 21:06:16 INFO  Utils:112 - [Utils] MethodGroupsHelper.collectMethodsByGroup() took 0 ms.
2025-09-11 21:06:16 INFO  Utils:112 - [Utils] MethodGroupsHelper.sortMethods() took 0 ms.
2025-09-11 21:06:16 INFO  Utils:112 - [Utils] MethodGroupsHelper.collectMethodsByGroup() took 0 ms.
2025-09-11 21:06:16 INFO  Utils:112 - [Utils] MethodGroupsHelper.sortMethods() took 0 ms.
2025-09-11 21:06:16 INFO  Utils:112 - [Utils] MethodGroupsHelper.collectMethodsByGroup() took 0 ms.
2025-09-11 21:06:16 INFO  Utils:112 - [Utils] MethodGroupsHelper.sortMethods() took 0 ms.
2025-09-11 21:06:16 INFO  Utils:112 - [Utils] MethodGroupsHelper.collectMethodsByGroup() took 0 ms.
2025-09-11 21:06:16 INFO  Utils:112 - [Utils] MethodGroupsHelper.sortMethods() took 0 ms.
2025-09-11 21:06:16 INFO  Utils:112 - [Utils] MethodGroupsHelper.collectMethodsByGroup() took 1 ms.
2025-09-11 21:06:16 INFO  Utils:112 - [Utils] MethodGroupsHelper.sortMethods() took 0 ms.
2025-09-11 21:06:16 INFO  Utils:112 - [Utils] MethodGroupsHelper.collectMethodsByGroup() took 0 ms.
2025-09-11 21:06:16 INFO  Utils:112 - [Utils] MethodGroupsHelper.sortMethods() took 0 ms.
2025-09-11 21:06:16 INFO  Utils:112 - [Utils] MethodGroupsHelper.collectMethodsByGroup() took 0 ms.
2025-09-11 21:06:16 INFO  Utils:112 - [Utils] MethodGroupsHelper.sortMethods() took 0 ms.
2025-09-11 21:06:16 INFO  Utils:112 - [TestNG] Running:
  C:\Users\Asus\AppData\Local\Temp\testng-eclipse--1292672489\testng-customsuite.xml

2025-09-11 21:06:16 INFO  Utils:112 - [Utils] DynamicGraphHelper.createDynamicGraph() took 13 ms.
2025-09-11 21:06:16 INFO  Utils:112 - [TestNG] Time taken by org.testng.reporters.jq.Main@7a527389: 157 ms
2025-09-11 21:06:16 INFO  Utils:112 - [TestNG] Time taken by org.testng.reporters.FailedReporter@38be305c: 46 ms
2025-09-11 21:06:16 INFO  Utils:112 - [TestNG] Time taken by org.testng.reporters.XMLReporter@6b5894c8: 35 ms
2025-09-11 21:06:16 INFO  Utils:112 - [TestNG] Time taken by org.testng.reporters.EmailableReporter2@4d098f9b: 25 ms
2025-09-11 21:06:16 INFO  Utils:112 - [TestNG] Time taken by org.testng.reporters.JUnitReportReporter@2692b61e: 17 ms
2025-09-11 21:06:16 INFO  Utils:112 - [TestNG] Time taken by org.testng.internal.ExitCodeListener@7b64240d: 0 ms
2025-09-11 21:06:43 INFO  Utils:112 - [TestNG] Running:
  C:\Users\Asus\eclipse-workspace\openCartDemo\master.xml

2025-09-11 21:07:49 INFO  TC003_OrderProductTest:41 - Product added
2025-09-11 21:07:50 INFO  TC003_OrderProductTest:47 - Go to Cart
2025-09-11 21:07:50 INFO  TC003_OrderProductTest:51 - Title Shopping Cart displayed
2025-09-11 21:07:51 INFO  TC003_OrderProductTest:63 - Successfully landed on Checkout page
2025-09-11 21:09:35 INFO  Utils:112 - [Utils] MethodGroupsHelper.collectMethodsByGroup() took 1 ms.
2025-09-11 21:09:35 INFO  Utils:112 - [Utils] MethodGroupsHelper.sortMethods() took 4 ms.
2025-09-11 21:09:35 INFO  Utils:112 - [Utils] MethodGroupsHelper.collectMethodsByGroup() took 0 ms.
2025-09-11 21:09:35 INFO  Utils:112 - [Utils] MethodGroupsHelper.sortMethods() took 0 ms.
2025-09-11 21:09:35 INFO  Utils:112 - [Utils] MethodGroupsHelper.collectMethodsByGroup() took 0 ms.
2025-09-11 21:09:35 INFO  Utils:112 - [Utils] MethodGroupsHelper.sortMethods() took 0 ms.
2025-09-11 21:09:35 INFO  Utils:112 - [Utils] MethodGroupsHelper.collectMethodsByGroup() took 0 ms.
2025-09-11 21:09:35 INFO  Utils:112 - [Utils] MethodGroupsHelper.sortMethods() took 0 ms.
2025-09-11 21:09:35 INFO  Utils:112 - [Utils] MethodGroupsHelper.collectMethodsByGroup() took 7 ms.
2025-09-11 21:09:35 INFO  Utils:112 - [Utils] MethodGroupsHelper.sortMethods() took 37 ms.
2025-09-11 21:09:35 INFO  Utils:112 - [Utils] MethodGroupsHelper.collectMethodsByGroup() took 0 ms.
2025-09-11 21:09:35 INFO  Utils:112 - [Utils] MethodGroupsHelper.sortMethods() took 1 ms.
2025-09-11 21:09:35 INFO  Utils:112 - [Utils] MethodGroupsHelper.collectMethodsByGroup() took 0 ms.
2025-09-11 21:09:35 INFO  Utils:112 - [Utils] MethodGroupsHelper.sortMethods() took 0 ms.
2025-09-11 21:09:35 INFO  Utils:112 - [Utils] MethodGroupsHelper.collectMethodsByGroup() took 0 ms.
2025-09-11 21:09:35 INFO  Utils:112 - [Utils] MethodGroupsHelper.sortMethods() took 0 ms.
2025-09-11 21:09:35 INFO  Utils:112 - [Utils] MethodGroupsHelper.collectMethodsByGroup() took 0 ms.
2025-09-11 21:09:35 INFO  Utils:112 - [Utils] MethodGroupsHelper.sortMethods() took 0 ms.
2025-09-11 21:09:35 INFO  Utils:112 - [Utils] MethodGroupsHelper.collectMethodsByGroup() took 0 ms.
2025-09-11 21:09:35 INFO  Utils:112 - [Utils] MethodGroupsHelper.sortMethods() took 0 ms.
2025-09-11 21:09:35 INFO  Utils:112 - [Utils] MethodGroupsHelper.collectMethodsByGroup() took 0 ms.
2025-09-11 21:09:35 INFO  Utils:112 - [Utils] MethodGroupsHelper.sortMethods() took 0 ms.
2025-09-11 21:09:35 INFO  Utils:112 - [Utils] MethodGroupsHelper.collectMethodsByGroup() took 0 ms.
2025-09-11 21:09:35 INFO  Utils:112 - [Utils] MethodGroupsHelper.sortMethods() took 0 ms.
2025-09-11 21:09:35 INFO  Utils:112 - [Utils] MethodGroupsHelper.collectMethodsByGroup() took 0 ms.
2025-09-11 21:09:35 INFO  Utils:112 - [Utils] MethodGroupsHelper.sortMethods() took 0 ms.
2025-09-11 21:09:35 INFO  Utils:112 - [Utils] MethodGroupsHelper.collectMethodsByGroup() took 0 ms.
2025-09-11 21:09:35 INFO  Utils:112 - [Utils] MethodGroupsHelper.sortMethods() took 0 ms.
2025-09-11 21:09:35 INFO  Utils:112 - [Utils] MethodGroupsHelper.collectMethodsByGroup() took 0 ms.
2025-09-11 21:09:35 INFO  Utils:112 - [Utils] MethodGroupsHelper.sortMethods() took 0 ms.
2025-09-11 21:09:36 INFO  Utils:112 - [TestNG] Running:
  C:\Users\Asus\AppData\Local\Temp\testng-eclipse-1928905028\testng-customsuite.xml

2025-09-11 21:09:36 INFO  Utils:112 - [Utils] DynamicGraphHelper.createDynamicGraph() took 11 ms.
2025-09-11 21:09:36 INFO  Utils:112 - [TestNG] Time taken by org.testng.reporters.jq.Main@7a527389: 152 ms
2025-09-11 21:09:36 INFO  Utils:112 - [TestNG] Time taken by org.testng.reporters.FailedReporter@38be305c: 49 ms
2025-09-11 21:09:36 INFO  Utils:112 - [TestNG] Time taken by org.testng.reporters.XMLReporter@6b5894c8: 30 ms
2025-09-11 21:09:36 INFO  Utils:112 - [TestNG] Time taken by org.testng.reporters.EmailableReporter2@4d098f9b: 28 ms
2025-09-11 21:09:36 INFO  Utils:112 - [TestNG] Time taken by org.testng.reporters.JUnitReportReporter@2692b61e: 18 ms
2025-09-11 21:09:36 INFO  Utils:112 - [TestNG] Time taken by org.testng.internal.ExitCodeListener@7b64240d: 0 ms
2025-09-11 21:09:49 INFO  Utils:112 - [TestNG] Running:
  C:\Users\Asus\eclipse-workspace\openCartDemo\master.xml

2025-09-11 21:10:42 INFO  TC003_OrderProductTest:41 - Product added
2025-09-11 21:10:46 INFO  TC003_OrderProductTest:47 - Go to Cart
2025-09-11 21:10:46 INFO  TC003_OrderProductTest:51 - Title Shopping Cart displayed
2025-09-11 21:10:48 INFO  TC003_OrderProductTest:63 - Successfully landed on Checkout page
2025-09-11 21:10:52 INFO  TC003_OrderProductTest:74 - Filling Billing address details
2025-09-11 21:12:32 INFO  Utils:112 - [TestNG] Running:
  C:\Users\Asus\eclipse-workspace\openCartDemo\master.xml

2025-09-11 21:13:53 INFO  TC003_OrderProductTest:41 - Product added
2025-09-11 21:13:56 INFO  TC003_OrderProductTest:47 - Go to Cart
2025-09-11 21:13:56 INFO  TC003_OrderProductTest:51 - Title Shopping Cart displayed
2025-09-11 21:13:57 INFO  TC003_OrderProductTest:63 - Successfully landed on Checkout page
2025-09-11 21:14:00 INFO  TC003_OrderProductTest:74 - Filling Billing address details
2025-09-11 21:14:06 INFO  TC003_OrderProductTest:88 - Filling Delivery address details
2025-09-11 21:14:14 INFO  TC003_OrderProductTest:108 - Product Ordered  test passed
2025-09-11 21:22:48 INFO  Utils:112 - [TestNG] Running:
  C:\Users\Asus\eclipse-workspace\openCartDemo\master.xml

2025-09-11 21:24:36 INFO  Utils:112 - [TestNG] Running:
  C:\Users\Asus\eclipse-workspace\openCartDemo\master.xml

2025-09-11 21:25:35 INFO  Utils:112 - [TestNG] Running:
  C:\Users\Asus\eclipse-workspace\openCartDemo\master.xml

2025-09-11 21:29:03 INFO  Utils:112 - [TestNG] Running:
  C:\Users\Asus\eclipse-workspace\openCartDemo\master.xml

2025-09-11 21:47:26 INFO  Utils:112 - [TestNG] Running:
  C:\Users\Asus\eclipse-workspace\openCartDemo\master.xml

2025-09-11 22:31:15 INFO  Utils:112 - [TestNG] Running:
  C:\Users\Asus\eclipse-workspace\openCartDemo\master.xml

2025-09-11 22:32:48 INFO  Utils:112 - [TestNG] Running:
  C:\Users\Asus\eclipse-workspace\openCartDemo\master.xml

2025-09-11 22:33:54 INFO  Utils:112 - [TestNG] Running:
  C:\Users\Asus\eclipse-workspace\openCartDemo\master.xml

2025-09-11 22:40:17 INFO  Utils:112 - [TestNG] Running:
  C:\Users\Asus\eclipse-workspace\openCartDemo\master.xml

